<?xml version="1.0" encoding="UTF-8"?>
<!-- Generated by org.testng.reporters.JUnitReportReporter -->
<testsuite hostname="DESKTOP-BQ2T0SV" failures="0" tests="4" name="com.sgtesting.tests.Users" time="0.012" errors="0" timestamp="2023-04-07T08:56:49 IST" skipped="0">
  <testcase classname="com.sgtesting.tests.Users" name="Method3" time="0.003"/>
  <system-out/>
  <testcase classname="com.sgtesting.tests.Users" name="Method1" time="0.001"/>
  <system-out/>
  <testcase classname="com.sgtesting.tests.Users" name="Method2" time="0.001"/>
  <system-out/>
  <testcase classname="com.sgtesting.tests.Users" name="Metho4" time="0.007"/>
  <system-out/>
</testsuite> <!-- com.sgtesting.tests.Users -->
